seleniumProcess.pid: 50381
10:19:26.948 INFO - Launching a standalone Selenium Server
Setting system property webdriver.chrome.driver to /Users/juansaez/Code/moodlemobile2/node_modules/protractor/selenium/chromedriver
10:19:26.989 INFO - Java: Oracle Corporation 25.131-b11
10:19:26.989 INFO - OS: Mac OS X 10.12.4 x86_64
10:19:27.000 INFO - v2.47.1, with Core v2.47.1. Built from revision 411b314
10:19:27.062 INFO - Driver provider org.openqa.selenium.ie.InternetExplorerDriver registration is skipped:
registration capabilities Capabilities [{ensureCleanSession=true, browserName=internet explorer, version=, platform=WINDOWS}] does not match the current platform MAC
10:19:27.062 INFO - Driver provider org.openqa.selenium.edge.EdgeDriver registration is skipped:
registration capabilities Capabilities [{browserName=MicrosoftEdge, version=, platform=WINDOWS}] does not match the current platform MAC
10:19:27.062 INFO - Driver class not found: com.opera.core.systems.OperaDriver
10:19:27.062 INFO - Driver provider com.opera.core.systems.OperaDriver is not registered
10:19:27.154 INFO - RemoteWebDriver instances should connect to: http://127.0.0.1:4444/wd/hub
10:19:27.155 INFO - Selenium Server is up and running
10:19:35.366 INFO - Executing: [new session: Capabilities [{count=1, browserName=chrome, chromeOptions={args=[--allow-file-access, --allow-file-access-from-files, --enable-local-file-accesses, --unlimited-storage]}}]])
10:19:35.378 INFO - Creating a new session for Capabilities [{count=1, browserName=chrome, chromeOptions={args=[--allow-file-access, --allow-file-access-from-files, --enable-local-file-accesses, --unlimited-storage]}}]
Starting ChromeDriver 2.19.346063 (38b35413bd4a486d436a9749e090454bc9ff6708) on port 41693
Only local connections are allowed.
[warn] kq_init: detected broken kqueue; not using.: Undefined error: 0
10:19:41.070 INFO - Command failed to close cleanly. Destroying forcefully (v2). [/Users/juansaez/Code/moodlemobile2/node_modules/protractor/selenium/chromedriver, --port=41693][ {}]
10:19:51.082 WARN - Exception thrown
java.util.concurrent.ExecutionException: org.openqa.selenium.WebDriverException: java.lang.reflect.InvocationTargetException
Build info: version: '2.47.1', revision: '411b314', time: '2015-07-30 03:03:16'
System info: host: 'Juans-MacBook-Pro.local', ip: '192.168.1.8', os.name: 'Mac OS X', os.arch: 'x86_64', os.version: '10.12.4', java.version: '1.8.0_131'
Driver info: driver.version: unknown
	at java.util.concurrent.FutureTask.report(FutureTask.java:122)
	at java.util.concurrent.FutureTask.get(FutureTask.java:192)
	at org.openqa.selenium.remote.server.DefaultSession.execute(DefaultSession.java:183)
	at org.openqa.selenium.remote.server.DefaultSession.<init>(DefaultSession.java:119)
	at org.openqa.selenium.remote.server.DefaultSession.createSession(DefaultSession.java:95)
	at org.openqa.selenium.remote.server.DefaultDriverSessions.newSession(DefaultDriverSessions.java:125)
	at org.openqa.selenium.remote.server.handler.NewSession.handle(NewSession.java:58)
	at org.openqa.selenium.remote.server.handler.NewSession.handle(NewSession.java:1)
	at org.openqa.selenium.remote.server.rest.ResultConfig.handle(ResultConfig.java:111)
	at org.openqa.selenium.remote.server.JsonHttpCommandHandler.handleRequest(JsonHttpCommandHandler.java:175)
	at org.openqa.selenium.remote.server.DriverServlet.handleRequest(DriverServlet.java:202)
	at org.openqa.selenium.remote.server.DriverServlet.doPost(DriverServlet.java:164)
	at javax.servlet.http.HttpServlet.service(HttpServlet.java:727)
	at org.openqa.selenium.remote.server.DriverServlet.service(DriverServlet.java:130)
	at javax.servlet.http.HttpServlet.service(HttpServlet.java:820)
	at org.openqa.jetty.jetty.servlet.ServletHolder.handle(ServletHolder.java:428)
	at org.openqa.jetty.jetty.servlet.ServletHandler.dispatch(ServletHandler.java:680)
	at org.openqa.jetty.jetty.servlet.ServletHandler.handle(ServletHandler.java:571)
	at org.openqa.jetty.http.HttpContext.handle(HttpContext.java:1526)
	at org.openqa.jetty.http.HttpContext.handle(HttpContext.java:1479)
	at org.openqa.jetty.http.HttpServer.service(HttpServer.java:920)
	at org.openqa.jetty.http.HttpConnection.service(HttpConnection.java:820)
	at org.openqa.jetty.http.HttpConnection.handleNext(HttpConnection.java:986)
	at org.openqa.jetty.http.HttpConnection.handle(HttpConnection.java:837)
	at org.openqa.jetty.http.SocketListener.handleConnection(SocketListener.java:243)
	at org.openqa.jetty.util.ThreadedServer.handle(ThreadedServer.java:358)
	at org.openqa.jetty.util.ThreadPool$PoolThread.run(ThreadPool.java:537)
Caused by: org.openqa.selenium.WebDriverException: java.lang.reflect.InvocationTargetException
Build info: version: '2.47.1', revision: '411b314', time: '2015-07-30 03:03:16'
System info: host: 'Juans-MacBook-Pro.local', ip: '192.168.1.8', os.name: 'Mac OS X', os.arch: 'x86_64', os.version: '10.12.4', java.version: '1.8.0_131'
Driver info: driver.version: unknown
	at org.openqa.selenium.remote.server.DefaultDriverProvider.callConstructor(DefaultDriverProvider.java:113)
	at org.openqa.selenium.remote.server.DefaultDriverProvider.newInstance(DefaultDriverProvider.java:97)
	at org.openqa.selenium.remote.server.DefaultDriverFactory.newInstance(DefaultDriverFactory.java:60)
	at org.openqa.selenium.remote.server.DefaultSession$BrowserCreator.call(DefaultSession.java:222)
	at org.openqa.selenium.remote.server.DefaultSession$BrowserCreator.call(DefaultSession.java:1)
	at java.util.concurrent.FutureTask.run(FutureTask.java:266)
	at org.openqa.selenium.remote.server.DefaultSession$1.run(DefaultSession.java:176)
	at java.util.concurrent.ThreadPoolExecutor.runWorker(ThreadPoolExecutor.java:1142)
	at java.util.concurrent.ThreadPoolExecutor$Worker.run(ThreadPoolExecutor.java:617)
	at java.lang.Thread.run(Thread.java:748)
Caused by: java.lang.reflect.InvocationTargetException
	at sun.reflect.NativeConstructorAccessorImpl.newInstance0(Native Method)
	at sun.reflect.NativeConstructorAccessorImpl.newInstance(NativeConstructorAccessorImpl.java:62)
	at sun.reflect.DelegatingConstructorAccessorImpl.newInstance(DelegatingConstructorAccessorImpl.java:45)
	at java.lang.reflect.Constructor.newInstance(Constructor.java:423)
	at org.openqa.selenium.remote.server.DefaultDriverProvider.callConstructor(DefaultDriverProvider.java:103)
	... 9 more
Caused by: org.openqa.selenium.remote.UnreachableBrowserException: Could not start a new session. Possible causes are invalid address of the remote server or browser start-up failure.
Build info: version: '2.47.1', revision: '411b314', time: '2015-07-30 03:03:16'
System info: host: 'Juans-MacBook-Pro.local', ip: '192.168.1.8', os.name: 'Mac OS X', os.arch: 'x86_64', os.version: '10.12.4', java.version: '1.8.0_131'
Driver info: driver.version: ChromeDriver
	at org.openqa.selenium.remote.RemoteWebDriver.execute(RemoteWebDriver.java:589)
	at org.openqa.selenium.remote.RemoteWebDriver.startSession(RemoteWebDriver.java:242)
	at org.openqa.selenium.remote.RemoteWebDriver.<init>(RemoteWebDriver.java:128)
	at org.openqa.selenium.remote.RemoteWebDriver.<init>(RemoteWebDriver.java:141)
	at org.openqa.selenium.chrome.ChromeDriver.<init>(ChromeDriver.java:170)
	at org.openqa.selenium.chrome.ChromeDriver.<init>(ChromeDriver.java:138)
	... 14 more
Caused by: org.openqa.selenium.WebDriverException: org.apache.http.conn.HttpHostConnectException: Connect to localhost:41693 [localhost/127.0.0.1, localhost/0:0:0:0:0:0:0:1, localhost/fe80:0:0:0:0:0:0:1%1] failed: Connection refused (Connection refused)
Build info: version: '2.47.1', revision: '411b314', time: '2015-07-30 03:03:16'
System info: host: 'Juans-MacBook-Pro.local', ip: '192.168.1.8', os.name: 'Mac OS X', os.arch: 'x86_64', os.version: '10.12.4', java.version: '1.8.0_131'
Driver info: driver.version: ChromeDriver
	at org.openqa.selenium.remote.service.DriverCommandExecutor.execute(DriverCommandExecutor.java:76)
	at org.openqa.selenium.remote.RemoteWebDriver.execute(RemoteWebDriver.java:568)
	... 19 more
Caused by: org.apache.http.conn.HttpHostConnectException: Connect to localhost:41693 [localhost/127.0.0.1, localhost/0:0:0:0:0:0:0:1, localhost/fe80:0:0:0:0:0:0:1%1] failed: Connection refused (Connection refused)
	at org.apache.http.impl.conn.DefaultHttpClientConnectionOperator.connect(DefaultHttpClientConnectionOperator.java:151)
	at org.apache.http.impl.conn.PoolingHttpClientConnectionManager.connect(PoolingHttpClientConnectionManager.java:353)
	at org.apache.http.impl.execchain.MainClientExec.establishRoute(MainClientExec.java:380)
	at org.apache.http.impl.execchain.MainClientExec.execute(MainClientExec.java:236)
	at org.apache.http.impl.execchain.ProtocolExec.execute(ProtocolExec.java:184)
	at org.apache.http.impl.execchain.RetryExec.execute(RetryExec.java:88)
	at org.apache.http.impl.execchain.RedirectExec.execute(RedirectExec.java:110)
	at org.apache.http.impl.client.InternalHttpClient.doExecute(InternalHttpClient.java:184)
	at org.apache.http.impl.client.CloseableHttpClient.execute(CloseableHttpClient.java:71)
	at org.apache.http.impl.client.CloseableHttpClient.execute(CloseableHttpClient.java:55)
	at org.openqa.selenium.remote.internal.ApacheHttpClient.fallBackExecute(ApacheHttpClient.java:161)
	at org.openqa.selenium.remote.internal.ApacheHttpClient.execute(ApacheHttpClient.java:89)
	at org.openqa.selenium.remote.HttpCommandExecutor.execute(HttpCommandExecutor.java:134)
	at org.openqa.selenium.remote.service.DriverCommandExecutor.execute(DriverCommandExecutor.java:67)
	... 20 more
Caused by: java.net.ConnectException: Connection refused (Connection refused)
	at java.net.PlainSocketImpl.socketConnect(Native Method)
	at java.net.AbstractPlainSocketImpl.doConnect(AbstractPlainSocketImpl.java:350)
	at java.net.AbstractPlainSocketImpl.connectToAddress(AbstractPlainSocketImpl.java:206)
	at java.net.AbstractPlainSocketImpl.connect(AbstractPlainSocketImpl.java:188)
	at java.net.SocksSocketImpl.connect(SocksSocketImpl.java:392)
	at java.net.Socket.connect(Socket.java:589)
	at org.apache.http.conn.socket.PlainConnectionSocketFactory.connectSocket(PlainConnectionSocketFactory.java:74)
	at org.apache.http.impl.conn.DefaultHttpClientConnectionOperator.connect(DefaultHttpClientConnectionOperator.java:134)
	... 33 more
10:20:21.111 WARN - Exception: Connection refused (Connection refused)
10:20:44.469 INFO - Executing: [new session: Capabilities [{count=1, browserName=chrome, chromeOptions={args=[--allow-file-access, --allow-file-access-from-files, --enable-local-file-accesses, --unlimited-storage]}}]])
10:20:44.469 INFO - Creating a new session for Capabilities [{count=1, browserName=chrome, chromeOptions={args=[--allow-file-access, --allow-file-access-from-files, --enable-local-file-accesses, --unlimited-storage]}}]
Starting ChromeDriver 2.19.346063 (38b35413bd4a486d436a9749e090454bc9ff6708) on port 44254
Only local connections are allowed.
[warn] kq_init: detected broken kqueue; not using.: Undefined error: 0
10:20:49.665 INFO - Command failed to close cleanly. Destroying forcefully (v2). [/Users/juansaez/Code/moodlemobile2/node_modules/protractor/selenium/chromedriver, --port=44254][ {}]
10:20:59.671 WARN - Exception thrown
java.util.concurrent.ExecutionException: org.openqa.selenium.WebDriverException: java.lang.reflect.InvocationTargetException
Build info: version: '2.47.1', revision: '411b314', time: '2015-07-30 03:03:16'
System info: host: 'Juans-MacBook-Pro.local', ip: '192.168.1.8', os.name: 'Mac OS X', os.arch: 'x86_64', os.version: '10.12.4', java.version: '1.8.0_131'
Driver info: driver.version: unknown
	at java.util.concurrent.FutureTask.report(FutureTask.java:122)
	at java.util.concurrent.FutureTask.get(FutureTask.java:192)
	at org.openqa.selenium.remote.server.DefaultSession.execute(DefaultSession.java:183)
	at org.openqa.selenium.remote.server.DefaultSession.<init>(DefaultSession.java:119)
	at org.openqa.selenium.remote.server.DefaultSession.createSession(DefaultSession.java:95)
	at org.openqa.selenium.remote.server.DefaultDriverSessions.newSession(DefaultDriverSessions.java:125)
	at org.openqa.selenium.remote.server.handler.NewSession.handle(NewSession.java:58)
	at org.openqa.selenium.remote.server.handler.NewSession.handle(NewSession.java:1)
	at org.openqa.selenium.remote.server.rest.ResultConfig.handle(ResultConfig.java:111)
	at org.openqa.selenium.remote.server.JsonHttpCommandHandler.handleRequest(JsonHttpCommandHandler.java:175)
	at org.openqa.selenium.remote.server.DriverServlet.handleRequest(DriverServlet.java:202)
	at org.openqa.selenium.remote.server.DriverServlet.doPost(DriverServlet.java:164)
	at javax.servlet.http.HttpServlet.service(HttpServlet.java:727)
	at org.openqa.selenium.remote.server.DriverServlet.service(DriverServlet.java:130)
	at javax.servlet.http.HttpServlet.service(HttpServlet.java:820)
	at org.openqa.jetty.jetty.servlet.ServletHolder.handle(ServletHolder.java:428)
	at org.openqa.jetty.jetty.servlet.ServletHandler.dispatch(ServletHandler.java:680)
	at org.openqa.jetty.jetty.servlet.ServletHandler.handle(ServletHandler.java:571)
	at org.openqa.jetty.http.HttpContext.handle(HttpContext.java:1526)
	at org.openqa.jetty.http.HttpContext.handle(HttpContext.java:1479)
	at org.openqa.jetty.http.HttpServer.service(HttpServer.java:920)
	at org.openqa.jetty.http.HttpConnection.service(HttpConnection.java:820)
	at org.openqa.jetty.http.HttpConnection.handleNext(HttpConnection.java:986)
	at org.openqa.jetty.http.HttpConnection.handle(HttpConnection.java:837)
	at org.openqa.jetty.http.SocketListener.handleConnection(SocketListener.java:243)
	at org.openqa.jetty.util.ThreadedServer.handle(ThreadedServer.java:358)
	at org.openqa.jetty.util.ThreadPool$PoolThread.run(ThreadPool.java:537)
Caused by: org.openqa.selenium.WebDriverException: java.lang.reflect.InvocationTargetException
Build info: version: '2.47.1', revision: '411b314', time: '2015-07-30 03:03:16'
System info: host: 'Juans-MacBook-Pro.local', ip: '192.168.1.8', os.name: 'Mac OS X', os.arch: 'x86_64', os.version: '10.12.4', java.version: '1.8.0_131'
Driver info: driver.version: unknown
	at org.openqa.selenium.remote.server.DefaultDriverProvider.callConstructor(DefaultDriverProvider.java:113)
	at org.openqa.selenium.remote.server.DefaultDriverProvider.newInstance(DefaultDriverProvider.java:97)
	at org.openqa.selenium.remote.server.DefaultDriverFactory.newInstance(DefaultDriverFactory.java:60)
	at org.openqa.selenium.remote.server.DefaultSession$BrowserCreator.call(DefaultSession.java:222)
	at org.openqa.selenium.remote.server.DefaultSession$BrowserCreator.call(DefaultSession.java:1)
	at java.util.concurrent.FutureTask.run(FutureTask.java:266)
	at org.openqa.selenium.remote.server.DefaultSession$1.run(DefaultSession.java:176)
	at java.util.concurrent.ThreadPoolExecutor.runWorker(ThreadPoolExecutor.java:1142)
	at java.util.concurrent.ThreadPoolExecutor$Worker.run(ThreadPoolExecutor.java:617)
	at java.lang.Thread.run(Thread.java:748)
Caused by: java.lang.reflect.InvocationTargetException
	at sun.reflect.NativeConstructorAccessorImpl.newInstance0(Native Method)
	at sun.reflect.NativeConstructorAccessorImpl.newInstance(NativeConstructorAccessorImpl.java:62)
	at sun.reflect.DelegatingConstructorAccessorImpl.newInstance(DelegatingConstructorAccessorImpl.java:45)
	at java.lang.reflect.Constructor.newInstance(Constructor.java:423)
	at org.openqa.selenium.remote.server.DefaultDriverProvider.callConstructor(DefaultDriverProvider.java:103)
	... 9 more
Caused by: org.openqa.selenium.remote.UnreachableBrowserException: Could not start a new session. Possible causes are invalid address of the remote server or browser start-up failure.
Build info: version: '2.47.1', revision: '411b314', time: '2015-07-30 03:03:16'
System info: host: 'Juans-MacBook-Pro.local', ip: '192.168.1.8', os.name: 'Mac OS X', os.arch: 'x86_64', os.version: '10.12.4', java.version: '1.8.0_131'
Driver info: driver.version: ChromeDriver
	at org.openqa.selenium.remote.RemoteWebDriver.execute(RemoteWebDriver.java:589)
	at org.openqa.selenium.remote.RemoteWebDriver.startSession(RemoteWebDriver.java:242)
	at org.openqa.selenium.remote.RemoteWebDriver.<init>(RemoteWebDriver.java:128)
	at org.openqa.selenium.remote.RemoteWebDriver.<init>(RemoteWebDriver.java:141)
	at org.openqa.selenium.chrome.ChromeDriver.<init>(ChromeDriver.java:170)
	at org.openqa.selenium.chrome.ChromeDriver.<init>(ChromeDriver.java:138)
	... 14 more
Caused by: org.openqa.selenium.WebDriverException: org.apache.http.conn.HttpHostConnectException: Connect to localhost:44254 [localhost/127.0.0.1, localhost/0:0:0:0:0:0:0:1, localhost/fe80:0:0:0:0:0:0:1%1] failed: Connection refused (Connection refused)
Build info: version: '2.47.1', revision: '411b314', time: '2015-07-30 03:03:16'
System info: host: 'Juans-MacBook-Pro.local', ip: '192.168.1.8', os.name: 'Mac OS X', os.arch: 'x86_64', os.version: '10.12.4', java.version: '1.8.0_131'
Driver info: driver.version: ChromeDriver
	at org.openqa.selenium.remote.service.DriverCommandExecutor.execute(DriverCommandExecutor.java:76)
	at org.openqa.selenium.remote.RemoteWebDriver.execute(RemoteWebDriver.java:568)
	... 19 more
Caused by: org.apache.http.conn.HttpHostConnectException: Connect to localhost:44254 [localhost/127.0.0.1, localhost/0:0:0:0:0:0:0:1, localhost/fe80:0:0:0:0:0:0:1%1] failed: Connection refused (Connection refused)
	at org.apache.http.impl.conn.DefaultHttpClientConnectionOperator.connect(DefaultHttpClientConnectionOperator.java:151)
	at org.apache.http.impl.conn.PoolingHttpClientConnectionManager.connect(PoolingHttpClientConnectionManager.java:353)
	at org.apache.http.impl.execchain.MainClientExec.establishRoute(MainClientExec.java:380)
	at org.apache.http.impl.execchain.MainClientExec.execute(MainClientExec.java:236)
	at org.apache.http.impl.execchain.ProtocolExec.execute(ProtocolExec.java:184)
	at org.apache.http.impl.execchain.RetryExec.execute(RetryExec.java:88)
	at org.apache.http.impl.execchain.RedirectExec.execute(RedirectExec.java:110)
	at org.apache.http.impl.client.InternalHttpClient.doExecute(InternalHttpClient.java:184)
	at org.apache.http.impl.client.CloseableHttpClient.execute(CloseableHttpClient.java:71)
	at org.apache.http.impl.client.CloseableHttpClient.execute(CloseableHttpClient.java:55)
	at org.openqa.selenium.remote.internal.ApacheHttpClient.fallBackExecute(ApacheHttpClient.java:161)
	at org.openqa.selenium.remote.internal.ApacheHttpClient.execute(ApacheHttpClient.java:89)
	at org.openqa.selenium.remote.HttpCommandExecutor.execute(HttpCommandExecutor.java:134)
	at org.openqa.selenium.remote.service.DriverCommandExecutor.execute(DriverCommandExecutor.java:67)
	... 20 more
Caused by: java.net.ConnectException: Connection refused (Connection refused)
	at java.net.PlainSocketImpl.socketConnect(Native Method)
	at java.net.AbstractPlainSocketImpl.doConnect(AbstractPlainSocketImpl.java:350)
	at java.net.AbstractPlainSocketImpl.connectToAddress(AbstractPlainSocketImpl.java:206)
	at java.net.AbstractPlainSocketImpl.connect(AbstractPlainSocketImpl.java:188)
	at java.net.SocksSocketImpl.connect(SocksSocketImpl.java:392)
	at java.net.Socket.connect(Socket.java:589)
	at org.apache.http.conn.socket.PlainConnectionSocketFactory.connectSocket(PlainConnectionSocketFactory.java:74)
	at org.apache.http.impl.conn.DefaultHttpClientConnectionOperator.connect(DefaultHttpClientConnectionOperator.java:134)
	... 33 more
10:21:06.482 INFO - Executing: org.openqa.selenium.remote.server.handler.GetAllSessions@38d1c19)
10:21:29.694 WARN - Exception: Connection refused (Connection refused)
10:21:29.695 INFO - Done: org.openqa.selenium.remote.server.handler.GetAllSessions@38d1c19
10:26:46.021 INFO - Command request: shutDownSeleniumServer[, ] on session null
10:26:46.021 INFO - Shutdown command received
10:26:46.022 INFO - initiating shutdown
10:26:46.022 INFO - Got result: OK on session null
10:26:46.527 INFO - Shutting down...
Selenium Standalone has exited with code 0
